<?xml version="1.0" encoding="UTF-8"?>
<!-- Generated by org.testng.reporters.JUnitReportReporter -->
<testsuite hostname="KM-AMIRDI-7420" failures="0" tests="1" name="org.example.AppTest" time="0.011" errors="0" timestamp="2024-02-22T23:25:07 EET" skipped="0">
  <testcase classname="org.example.AppTest" name="addmeTest" time="0.011"/>
  <system-out/>
</testsuite> <!-- org.example.AppTest -->
