<?xml version="1.0" encoding="UTF-8"?>
<!-- Generated by org.testng.reporters.JUnitReportReporter -->
<testsuite hostname="KM-AMIRDI-7420" failures="0" tests="2" name="org.example.AppTest" time="0.012" errors="0" timestamp="2024-02-23T11:48:20 EET" skipped="0">
  <testcase classname="org.example.AppTest" name="addmeTest" time="0.011"/>
  <system-out/>
  <testcase classname="org.example.AppTest" name="subbtractmeTest" time="0.001"/>
  <system-out/>
</testsuite> <!-- org.example.AppTest -->
